\BOOKMARK [0][-]{dummy.2}{\376\377\000R\000e\000s\000u\000m\000e\000n}{}% 1
\BOOKMARK [0][-]{dummy.3}{\376\377\000A\000b\000s\000t\000r\000a\000c\000t}{}% 2
\BOOKMARK [0][-]{dummy.4}{\376\377\000A\000g\000r\000a\000d\000e\000c\000i\000m\000i\000e\000n\000t\000o\000s}{}% 3
\BOOKMARK [0][-]{dummy.5}{\376\377\000\315\000n\000d\000i\000c\000e\000\040\000G\000e\000n\000e\000r\000a\000l}{}% 4
\BOOKMARK [0][-]{dummy.7}{\376\377\000L\000i\000s\000t\000a\000\040\000d\000e\000\040\000F\000i\000g\000u\000r\000a\000s}{}% 5
\BOOKMARK [0][-]{chapter.9}{\376\377\0001\000\040\000I\000n\000t\000r\000o\000d\000u\000c\000c\000i\000\363\000n}{}% 6
\BOOKMARK [0][-]{chapter.13}{\376\377\0002\000\040\000E\000s\000t\000a\000d\000o\000s\000\040\000d\000e\000\040\000S\000u\000p\000e\000r\000p\000a\000r\000t\000\355\000c\000u\000l\000a}{}% 7
\BOOKMARK [1][-]{section.14}{\376\377\0002\000.\0001\000\040\000S\000u\000p\000e\000r\000\040\000M\000e\000c\000\341\000n\000i\000c\000a\000\040\000C\000u\000\341\000n\000t\000i\000c\000a}{chapter.13}% 8
\BOOKMARK [1][-]{section.22}{\376\377\0002\000.\0002\000\040\000T\000r\000a\000n\000s\000f\000o\000r\000m\000a\000c\000i\000o\000n\000e\000s\000\040\000C\000u\000\341\000n\000t\000i\000c\000a\000s\000\040\000d\000e\000\040\000S\000u\000p\000e\000r\000\040\000P\000o\000i\000n\000c\000a\000r\000\351}{chapter.13}% 9
\BOOKMARK [1][-]{section.27}{\376\377\0002\000.\0003\000\040\000L\000a\000s\000\040\000S\000u\000p\000e\000r\000p\000a\000r\000t\000\355\000c\000u\000l\000a\000s\000-\000\040\000\050\000\051\000\040}{chapter.13}% 10
\BOOKMARK [1][-]{section.30}{\376\377\0002\000.\0004\000\040\000L\000o\000s\000\040\000E\000s\000t\000a\000d\000o\000s\000\040\000d\000e\000\040\000P\000a\000r\000t\000\355\000c\000u\000l\000a}{chapter.13}% 11
\BOOKMARK [0][-]{chapter.43}{\376\377\0003\000\040\000L\000a\000\040\000S\000u\000p\000e\000r\000m\000a\000t\000r\000i\000z\000\040\000\040\000S\000\040}{}% 12
\BOOKMARK [1][-]{section.44}{\376\377\0003\000.\0001\000\040\000E\000s\000t\000a\000d\000o\000s\000\040\000I\000n\000\040\000y\000\040\000O\000u\000t}{chapter.43}% 13
\BOOKMARK [1][-]{section.51}{\376\377\0003\000.\0002\000\040\000C\000o\000v\000a\000r\000i\000a\000n\000c\000i\000a\000\040\000d\000e\000\040\000l\000a\000\040\000S\000u\000p\000e\000r\000m\000a\000t\000r\000i\000z\000\040\000\040\000S\000\040}{chapter.43}% 14
\BOOKMARK [1][-]{section.53}{\376\377\0003\000.\0003\000\040\000T\000e\000o\000r\000\355\000a\000\040\000d\000e\000\040\000P\000e\000r\000t\000u\000r\000b\000a\000c\000i\000o\000n\000e\000s}{chapter.43}% 15
\BOOKMARK [1][-]{section.54}{\376\377\0003\000.\0004\000\040\000S\000u\000p\000e\000r\000p\000a\000r\000t\000\355\000c\000u\000l\000a\000s\000\040\000I\000d\000\351\000n\000t\000i\000c\000a\000s}{chapter.43}% 16
\BOOKMARK [1][-]{section.56}{\376\377\0003\000.\0005\000\040\000E\000l\000\040\000P\000r\000i\000n\000c\000i\000p\000i\000o\000\040\000d\000e\000\040\000D\000e\000s\000c\000o\000m\000p\000o\000s\000i\000c\000i\000\363\000n\000\040\000e\000n\000\040\000C\000\372\000m\000u\000l\000o\000s}{chapter.43}% 17
\BOOKMARK [0][-]{chapter.58}{\376\377\0004\000\040\000S\000u\000p\000e\000r\000c\000a\000m\000p\000o\000s\000\040\000C\000u\000\341\000n\000t\000i\000c\000o\000s}{}% 18
\BOOKMARK [1][-]{section.59}{\376\377\0004\000.\0001\000\040\000L\000o\000s\000\040\000S\000u\000p\000e\000r\000c\000a\000m\000p\000o\000s\000\040\000L\000i\000b\000r\000e\000s}{chapter.58}% 19
\BOOKMARK [1][-]{section.65}{\376\377\0004\000.\0002\000\040\000S\000u\000p\000e\000r\000c\000a\000m\000p\000o\000s\000\040\000Q\000u\000i\000r\000a\000l\000e\000s\000\040\000I\000r\000r\000e\000d\000u\000c\000i\000b\000l\000e\000s}{chapter.58}% 20
\BOOKMARK [1][-]{section.67}{\376\377\0004\000.\0003\000\040\000S\000u\000p\000e\000r\000c\000a\000m\000p\000o\000s\000\040\000Q\000u\000i\000r\000a\000l\000e\000s\000\040\000G\000e\000n\000e\000r\000a\000l\000e\000s}{chapter.58}% 21
\BOOKMARK [1][-]{section.73}{\376\377\0004\000.\0004\000\040\000S\000u\000p\000e\000r\000c\000a\000m\000p\000o\000s\000\040\000M\000\355\000n\000i\000m\000o\000s\000\040\000y\000\040\000e\000l\000\040\000P\000o\000l\000i\000n\000o\000m\000i\000o\000\040\000G\000e\000n\000e\000r\000a\000l\000\040\000d\000e\000\040\000W\000e\000i\000n\000b\000e\000r\000g}{chapter.58}% 22
\BOOKMARK [1][-]{section.75}{\376\377\0004\000.\0005\000\040\000I\000n\000t\000e\000r\000a\000c\000c\000i\000o\000n\000e\000s\000\040\000G\000e\000n\000e\000r\000a\000l\000e\000s}{chapter.58}% 23
\BOOKMARK [0][-]{chapter.76}{\376\377\0005\000\040\000L\000a\000s\000\040\000R\000e\000g\000l\000a\000s\000\040\000d\000e\000\040\000S\000u\000p\000e\000r\000\040\000F\000e\000y\000n\000m\000a\000n}{}% 24
\BOOKMARK [1][-]{section.77}{\376\377\0005\000.\0001\000\040\000R\000e\000g\000l\000a\000s\000\040\000d\000e\000\040\000A\000p\000a\000r\000e\000a\000m\000i\000e\000n\000t\000o}{chapter.76}% 25
\BOOKMARK [1][-]{section.78}{\376\377\0005\000.\0002\000\040\000E\000l\000\040\000S\000u\000p\000e\000r\000p\000r\000o\000p\000a\000g\000a\000d\000o\000r\000\040\000N\000o\000-\000c\000o\000v\000a\000r\000i\000a\000n\000t\000e}{chapter.76}% 26
\BOOKMARK [1][-]{section.79}{\376\377\0005\000.\0003\000\040\000L\000a\000\040\000S\000u\000p\000e\000r\000m\000a\000t\000r\000i\000z\000\040\000\040\000S\000\040\000\040\000C\000o\000v\000a\000r\000i\000a\000n\000t\000e}{chapter.76}% 27
\BOOKMARK [1][-]{section.80}{\376\377\0005\000.\0004\000\040\000F\000o\000r\000m\000u\000l\000a\000c\000i\000\363\000n\000\040\000d\000e\000\040\000l\000a\000s\000\040\000R\000e\000g\000l\000a\000s}{chapter.76}% 28
\BOOKMARK [0][-]{chapter.81}{\376\377\0006\000\040\000L\000a\000s\000\040\000S\000i\000m\000e\000t\000r\000\355\000a\000s\000\040\000\040\000P\000\040\000,\000\040\000\040\000T\000\040\000,\000\040\000\040\000C\000\040\000\040\000y\000\040\000\040\000R\000\040}{}% 29
\BOOKMARK [1][-]{section.82}{\376\377\0006\000.\0001\000\040\000S\000u\000p\000e\000r\000e\000s\000t\000a\000d\000o\000s\000\040\000S\000i\000m\000\351\000t\000r\000i\000c\000o\000s}{chapter.81}% 30
\BOOKMARK [1][-]{section.85}{\376\377\0006\000.\0002\000\040\000S\000u\000p\000e\000r\000c\000a\000m\000p\000o\000s\000\040\000C\000u\000\341\000n\000t\000i\000c\000o\000s}{chapter.81}% 31
\BOOKMARK [0][-]{chapter.86}{\376\377\0007\000\040\000A\000p\000l\000i\000c\000a\000c\000i\000o\000n\000e\000s}{}% 32
\BOOKMARK [1][-]{section.87}{\376\377\0007\000.\0001\000\040\000E\000l\000\040\000S\000u\000p\000e\000r\000c\000a\000m\000p\000o\000\040\000E\000s\000c\000a\000l\000a\000r}{chapter.86}% 33
\BOOKMARK [1][-]{section.89}{\376\377\0007\000.\0002\000\040\000E\000q\000u\000i\000v\000a\000l\000e\000n\000c\000i\000a\000\040\000c\000o\000n\000\040\000e\000l\000\040\000M\000o\000d\000e\000l\000o\000\040\000d\000e\000\040\000W\000e\000s\000s\000-\000Z\000u\000m\000i\000n\000o}{chapter.86}% 34
\BOOKMARK [0][-]{chapter.91}{\376\377\0008\000\040\000C\000o\000n\000c\000l\000u\000s\000i\000o\000n\000e\000s}{}% 35
\BOOKMARK [0][-]{appendix.92}{\376\377\000A\000\040\000N\000o\000t\000a\000c\000i\000\363\000n\000\040\000y\000\040\000C\000o\000n\000v\000e\000n\000c\000i\000o\000n\000e\000s}{}% 36
\BOOKMARK [0][-]{appendix.95}{\376\377\000B\000\040\000S\000u\000p\000e\000r\000f\000u\000n\000c\000i\000o\000n\000e\000s\000,\000\040\000D\000e\000r\000i\000v\000a\000d\000a\000s\000\040\000e\000\040\000I\000n\000t\000e\000g\000r\000a\000l\000e\000s\000\040\000F\000e\000r\000m\000i\000\363\000n\000i\000c\000a\000s}{}% 37
\BOOKMARK [0][-]{dummy.97}{\376\377\000B\000i\000b\000l\000i\000o\000g\000r\000a\000p\000h\000y}{}% 38
