This is pdfTeX, Version 3.1415926-2.5-1.40.14 (TeX Live 2013/Debian) (format=latex 2014.5.14)  20 APR 2016 10:27
entering extended mode
 restricted \write18 enabled.
 %&-line parsing enabled.
**portada.tex
(./portada.tex
LaTeX2e <2011/06/27>
Babel <3.9h> and hyphenation patterns for 78 languages loaded.

! LaTeX Error: Environment titlepage undefined.

See the LaTeX manual or LaTeX Companion for explanation.
Type  H <return>  for immediate help.
 ...                                              
                                                  
l.1 \begin{titlepage}
                     
Your command was ignored.
Type  I <command> <return>  to replace it with another command,
or  <return>  to continue without it.


! LaTeX Error: Missing \begin{document}.

See the LaTeX manual or LaTeX Companion for explanation.
Type  H <return>  for immediate help.
 ...                                              
                                                  
l.2    \begin{center}
                     
You're in trouble here.  Try typing  <return>  to proceed.
If that doesn't work, type  X <return>  to quit.


Overfull \hbox (20.0pt too wide) in paragraph at lines 2--2
[] 
 []

! Undefined control sequence.
l.3    \includegraphics
                       [scale=1.3]{Portada/Escudo_UNAM_eps}
The control sequence at the end of the top line
of your error message was never \def'ed. If you have
misspelled it (e.g., `\hobx'), type `I' and the correct
spelling (e.g., `I\hbox'). Otherwise just continue,
and I'll forget about whatever was undefined.

Missing character: There is no [ in font nullfont!
Missing character: There is no s in font nullfont!
Missing character: There is no c in font nullfont!
Missing character: There is no a in font nullfont!
Missing character: There is no l in font nullfont!
Missing character: There is no e in font nullfont!
Missing character: There is no = in font nullfont!
Missing character: There is no 1 in font nullfont!
Missing character: There is no . in font nullfont!
Missing character: There is no 3 in font nullfont!
Missing character: There is no ] in font nullfont!
Missing character: There is no P in font nullfont!
Missing character: There is no o in font nullfont!
Missing character: There is no r in font nullfont!
Missing character: There is no t in font nullfont!
Missing character: There is no a in font nullfont!
Missing character: There is no d in font nullfont!
Missing character: There is no a in font nullfont!
Missing character: There is no / in font nullfont!
Missing character: There is no E in font nullfont!
Missing character: There is no s in font nullfont!
Missing character: There is no c in font nullfont!
Missing character: There is no u in font nullfont!
Missing character: There is no d in font nullfont!
Missing character: There is no o in font nullfont!
! Missing $ inserted.
<inserted text> 
                $
l.3    \includegraphics[scale=1.3]{Portada/Escudo_
                                                  UNAM_eps}
I've inserted a begin-math/end-math symbol since I think
you left one out. Proceed, with fingers crossed.

LaTeX Font Info:    External font `cmex10' loaded for size
(Font)              <7> on input line 3.
LaTeX Font Info:    External font `cmex10' loaded for size
(Font)              <5> on input line 3.
! Extra }, or forgotten $.
l.3 ...raphics[scale=1.3]{Portada/Escudo_UNAM_eps}
                                                  
I've deleted a group-closing symbol because it seems to be
spurious, as in `$x}$'. But perhaps the } is legitimate and
you forgot something else, as in `\hbox{$x}'. In such cases
the way to recover is to insert both the forgotten and the
deleted material, e.g., by typing `I$}'.

! Undefined control sequence.
l.4      \large
               
The control sequence at the end of the top line
of your error message was never \def'ed. If you have
misspelled it (e.g., `\hobx'), type `I' and the correct
spelling (e.g., `I\hbox'). Otherwise just continue,
and I'll forget about whatever was undefined.

! Missing $ inserted.
<inserted text> 
                $
l.6         \begin{center}
                          
I've inserted a begin-math/end-math symbol since I think
you left one out. Proceed, with fingers crossed.

! Missing } inserted.
<inserted text> 
                }
l.6         \begin{center}
                          
I've inserted something that you may have forgotten.
(See the <inserted text> above.)
With luck, this will get me unwedged. But if you
really didn't forget anything, try typing `2' now; then
my insertion and my current dilemma will both disappear.

! Missing \endgroup inserted.
<inserted text> 
                \endgroup 
l.6         \begin{center}
                          
I've inserted something that you may have forgotten.
(See the <inserted text> above.)
With luck, this will get me unwedged. But if you
really didn't forget anything, try typing `2' now; then
my insertion and my current dilemma will both disappear.


Overfull \hbox (47.03745pt too wide) in paragraph at lines 3--6
 []\OML/cmm/m/it/10 NAM[]ps[]$ 
 []

LaTeX Font Info:    Try loading font information for OT1+qag on input line 7.
(/usr/share/texmf/tex/latex/tex-gyre/ot1qag.fd
File: ot1qag.fd 2009/09/25 v1.2 font definition file for OT1/qag
)
LaTeX Font Info:    Font shape `OT1/qag/bx/n' in size <10> not available
(Font)              Font shape `OT1/qag/b/n' tried instead on input line 8.

Overfull \hbox (20.79999pt too wide) in paragraph at lines 8--8
 \OT1/qag/b/n/10 UNI- 
 []


Overfull \hbox (22.04996pt too wide) in paragraph at lines 8--8
 \OT1/qag/b/n/10 VER- 
 []


Overfull \hbox (12.19998pt too wide) in paragraph at lines 8--8
 \OT1/qag/b/n/10 SI- 
 []


Overfull \hbox (20.99997pt too wide) in paragraph at lines 8--8
 \OT1/qag/b/n/10 DAD 
 []


Overfull \hbox (18.84999pt too wide) in paragraph at lines 8--8
 \OT1/qag/b/n/10 NA- 
 []


Overfull \hbox (38.19997pt too wide) in paragraph at lines 8--8
 \OT1/qag/b/n/10 CIONAL 
 []


Overfull \hbox (62.0999pt too wide) in paragraph at lines 8--8
 \OT1/qag/b/n/10 AUT√ìNOMA 
 []


Overfull \hbox (12.19997pt too wide) in paragraph at lines 8--8
 \OT1/qag/b/n/10 DE 
 []


Overfull \hbox (31.24997pt too wide) in paragraph at lines 8--8
 \OT1/qag/b/n/10 M√âX- 
 []


Overfull \hbox (18.99998pt too wide) in paragraph at lines 8--8
 \OT1/qag/b/n/10 ICO 
 []

! Undefined control sequence.
<argument>  {\color 
                    {Blue} Posgrado en Ciencias F√≠sicas}
l.9 ...olor{Blue} 	Posgrado en Ciencias F√≠sicas}}
                                                  \\
The control sequence at the end of the top line
of your error message was never \def'ed. If you have
misspelled it (e.g., `\hobx'), type `I' and the correct
spelling (e.g., `I\hbox'). Otherwise just continue,
and I'll forget about whatever was undefined.


Overfull \hbox (20.59998pt too wide) in paragraph at lines 9--9
 \OT1/qag/b/n/10 Blue 
 []


Overfull \hbox (20.39998pt too wide) in paragraph at lines 9--9
 \OT1/qag/b/n/10 Pos- 
 []


Overfull \hbox (29.35pt too wide) in paragraph at lines 9--9
 \OT1/qag/b/n/10 grado 
 []


Overfull \hbox (12.4pt too wide) in paragraph at lines 9--9
 \OT1/qag/b/n/10 en 
 []


Overfull \hbox (26.79999pt too wide) in paragraph at lines 9--9
 \OT1/qag/b/n/10 Cien- 
 []


Overfull \hbox (19.79999pt too wide) in paragraph at lines 9--9
 \OT1/qag/b/n/10 cias 
 []


Overfull \hbox (29.19998pt too wide) in paragraph at lines 9--9
 \OT1/qag/b/n/10 F√≠si- 
 []


Overfull \hbox (17.48pt too wide) in paragraph at lines 9--9
 \OT1/qag/b/n/10 cas 
 []


! LaTeX Error: \begin{document} ended by \end{center}.

See the LaTeX manual or LaTeX Companion for explanation.
Type  H <return>  for immediate help.
 ...                                              
                                                  
l.12    \end{center}
                    
Your command was ignored.
Type  I <command> <return>  to replace it with another command,
or  <return>  to continue without it.


Overfull \hbox (20.0pt too wide) in paragraph at lines 16--16
[] 
 []

! Undefined control sequence.
l.18       \Huge
                
The control sequence at the end of the top line
of your error message was never \def'ed. If you have
misspelled it (e.g., `\hobx'), type `I' and the correct
spelling (e.g., `I\hbox'). Otherwise just continue,
and I'll forget about whatever was undefined.


Overfull \hbox (44.89996pt too wide) in paragraph at lines 20--21
 \OT1/qag/b/n/10 Aspectos 
 []


Overfull \hbox (13.0pt too wide) in paragraph at lines 20--21
 \OT1/qag/b/n/10 de 
 []


Overfull \hbox (9.0pt too wide) in paragraph at lines 20--21
 \OT1/qag/b/n/10 la 
 []


Overfull \hbox (39.84996pt too wide) in paragraph at lines 20--21
 \OT1/qag/b/n/10 Teor√≠a 
 []


Overfull \hbox (38.0pt too wide) in paragraph at lines 20--21
 \OT1/qag/b/n/10 Cu√°n- 
 []


Overfull \hbox (18.4pt too wide) in paragraph at lines 20--21
 \OT1/qag/b/n/10 tica 
 []


Overfull \hbox (13.0pt too wide) in paragraph at lines 20--21
 \OT1/qag/b/n/10 de 
 []


Overfull \hbox (13.19998pt too wide) in paragraph at lines 20--21
 \OT1/qag/b/n/10 los 
 []


Overfull \hbox (14.59999pt too wide) in paragraph at lines 20--21
 \OT1/qag/b/n/10 su- 
 []


Overfull \hbox (20.09998pt too wide) in paragraph at lines 20--21
 \OT1/qag/b/n/10 per- 
 []


Overfull \hbox (26.59999pt too wide) in paragraph at lines 20--21
 \OT1/qag/b/n/10 cam- 
 []


Overfull \hbox (17.48pt too wide) in paragraph at lines 20--21
 \OT1/qag/b/n/10 pos 
 []

! Undefined control sequence.
l.23         \large
                   
The control sequence at the end of the top line
of your error message was never \def'ed. If you have
misspelled it (e.g., `\hobx'), type `I' and the correct
spelling (e.g., `I\hbox'). Otherwise just continue,
and I'll forget about whatever was undefined.


Overfull \hbox (22.23318pt too wide) in paragraph at lines 24--24
 \OT1/cmr/m/it/10 Tesis 
 []


Overfull \hbox (14.56656pt too wide) in paragraph at lines 24--24
 \OT1/cmr/m/it/10 que 
 []


Overfull \hbox (18.52763pt too wide) in paragraph at lines 24--24
 \OT1/cmr/m/it/10 para 
 []


Overfull \hbox (13.79991pt too wide) in paragraph at lines 24--24
 \OT1/cmr/m/it/10 op- 
 []


Overfull \hbox (12.6499pt too wide) in paragraph at lines 24--24
 \OT1/cmr/m/it/10 tar 
 []


Overfull \hbox (13.92767pt too wide) in paragraph at lines 24--24
 \OT1/cmr/m/it/10 por 
 []


Overfull \hbox (7.1555pt too wide) in paragraph at lines 24--24
 \OT1/cmr/m/it/10 el 
 []


Overfull \hbox (23.63872pt too wide) in paragraph at lines 24--24
 \OT1/cmr/m/it/10 grado 
 []


Overfull \hbox (13.35963pt too wide) in paragraph at lines 24--24
 \OT1/cmr/m/it/10 de: 
 []

! Undefined control sequence.
l.26        {\color
                   {blue}DOCTOR EN CIENCIAS (F√çSICA)}\\
The control sequence at the end of the top line
of your error message was never \def'ed. If you have
misspelled it (e.g., `\hobx'), type `I' and the correct
spelling (e.g., `I\hbox'). Otherwise just continue,
and I'll forget about whatever was undefined.

Missing character: There is no b in font nullfont!
Missing character: There is no l in font nullfont!
Missing character: There is no u in font nullfont!
Missing character: There is no e in font nullfont!
Missing character: There is no D in font nullfont!
Missing character: There is no O in font nullfont!
Missing character: There is no C in font nullfont!
Missing character: There is no T in font nullfont!
Missing character: There is no O in font nullfont!
Missing character: There is no R in font nullfont!
Missing character: There is no E in font nullfont!
Missing character: There is no N in font nullfont!
Missing character: There is no C in font nullfont!
Missing character: There is no I in font nullfont!
Missing character: There is no E in font nullfont!
Missing character: There is no N in font nullfont!
Missing character: There is no C in font nullfont!
Missing character: There is no I in font nullfont!
Missing character: There is no A in font nullfont!
Missing character: There is no S in font nullfont!
Missing character: There is no ( in font nullfont!
Missing character: There is no F in font nullfont!
Missing character: There is no √ in font nullfont!
Missing character: There is no ç in font nullfont!
Missing character: There is no S in font nullfont!
Missing character: There is no I in font nullfont!
Missing character: There is no C in font nullfont!
Missing character: There is no A in font nullfont!
Missing character: There is no ) in font nullfont!

Overfull \hbox (18.6665pt too wide) in paragraph at lines 29--29
 \OT1/cmr/m/it/10 Pre- 
 []


Overfull \hbox (26.39288pt too wide) in paragraph at lines 29--29
 \OT1/cmr/m/it/10 senta: 
 []

! Undefined control sequence.
l.31         \Large
                   
The control sequence at the end of the top line
of your error message was never \def'ed. If you have
misspelled it (e.g., `\hobx'), type `I' and the correct
spelling (e.g., `I\hbox'). Otherwise just continue,
and I'll forget about whatever was undefined.


Overfull \hbox (36.01996pt too wide) in paragraph at lines 33--33
 []\OT1/qag/m/n/10 Enrique 
 []


Overfull \hbox (42.44995pt too wide) in paragraph at lines 33--33
 \OT1/qag/m/n/10 Jim√©nez 
 []


Overfull \hbox (32.71pt too wide) in paragraph at lines 33--33
 \OT1/qag/m/n/10 Ramos 
 []


! LaTeX Error: Environment large undefined.

See the LaTeX manual or LaTeX Companion for explanation.
Type  H <return>  for immediate help.
 ...                                              
                                                  
l.37          \begin{large}
                           
Your command was ignored.
Type  I <command> <return>  to replace it with another command,
or  <return>  to continue without it.

! Undefined control sequence.
l.38          {\color
                     {Blue}
The control sequence at the end of the top line
of your error message was never \def'ed. If you have
misspelled it (e.g., `\hobx'), type `I' and the correct
spelling (e.g., `I\hbox'). Otherwise just continue,
and I'll forget about whatever was undefined.

Missing character: There is no B in font nullfont!
Missing character: There is no l in font nullfont!
Missing character: There is no u in font nullfont!
Missing character: There is no e in font nullfont!
Missing character: There is no D in font nullfont!
Missing character: There is no r in font nullfont!
Missing character: There is no a in font nullfont!
Missing character: There is no . in font nullfont!
Missing character: There is no M in font nullfont!
Missing character: There is no y in font nullfont!
Missing character: There is no r in font nullfont!
Missing character: There is no i in font nullfont!
Missing character: There is no a in font nullfont!
Missing character: There is no m in font nullfont!
Missing character: There is no M in font nullfont!
Missing character: There is no o in font nullfont!
Missing character: There is no n in font nullfont!
Missing character: There is no d in font nullfont!
Missing character: There is no r in font nullfont!
Missing character: There is no a in font nullfont!
Missing character: There is no g in font nullfont!
Missing character: There is no √ in font nullfont!
Missing character: There is no ≥ in font nullfont!
Missing character: There is no n in font nullfont!
Missing character: There is no C in font nullfont!
Missing character: There is no e in font nullfont!
Missing character: There is no b in font nullfont!
Missing character: There is no a in font nullfont!
Missing character: There is no l in font nullfont!
Missing character: There is no l in font nullfont!
Missing character: There is no o in font nullfont!
Missing character: There is no s in font nullfont!
Missing character: There is no , in font nullfont!
Missing character: There is no I in font nullfont!
Missing character: There is no n in font nullfont!
Missing character: There is no s in font nullfont!
Missing character: There is no t in font nullfont!
Missing character: There is no i in font nullfont!
Missing character: There is no t in font nullfont!
Missing character: There is no u in font nullfont!
Missing character: There is no t in font nullfont!
Missing character: There is no o in font nullfont!
Missing character: There is no d in font nullfont!
Missing character: There is no e in font nullfont!
Missing character: There is no F in font nullfont!
Missing character: There is no √ in font nullfont!
Missing character: There is no ≠ in font nullfont!
Missing character: There is no s in font nullfont!
Missing character: There is no i in font nullfont!
Missing character: There is no c in font nullfont!
Missing character: There is no a in font nullfont!
Missing character: There is no , in font nullfont!
Missing character: There is no U in font nullfont!
Missing character: There is no N in font nullfont!
Missing character: There is no A in font nullfont!
Missing character: There is no M in font nullfont!
Missing character: There is no D in font nullfont!
Missing character: There is no r in font nullfont!
Missing character: There is no . in font nullfont!
Missing character: There is no J in font nullfont!
Missing character: There is no e in font nullfont!
Missing character: There is no n in font nullfont!
Missing character: There is no s in font nullfont!
Missing character: There is no E in font nullfont!
Missing character: There is no r in font nullfont!
Missing character: There is no l in font nullfont!
Missing character: There is no e in font nullfont!
Missing character: There is no r in font nullfont!
Missing character: There is no W in font nullfont!
Missing character: There is no e in font nullfont!
Missing character: There is no b in font nullfont!
Missing character: There is no e in font nullfont!
Missing character: There is no r in font nullfont!
Missing character: There is no , in font nullfont!
Missing character: There is no I in font nullfont!
Missing character: There is no n in font nullfont!
Missing character: There is no s in font nullfont!
Missing character: There is no t in font nullfont!
Missing character: There is no i in font nullfont!
Missing character: There is no t in font nullfont!
Missing character: There is no u in font nullfont!
Missing character: There is no t in font nullfont!
Missing character: There is no o in font nullfont!
Missing character: There is no d in font nullfont!
Missing character: There is no e in font nullfont!
Missing character: There is no F in font nullfont!
Missing character: There is no √ in font nullfont!
Missing character: There is no ≠ in font nullfont!
Missing character: There is no s in font nullfont!
Missing character: There is no i in font nullfont!
Missing character: There is no c in font nullfont!
Missing character: There is no a in font nullfont!
Missing character: There is no , in font nullfont!
Missing character: There is no U in font nullfont!
Missing character: There is no N in font nullfont!
Missing character: There is no A in font nullfont!
Missing character: There is no M in font nullfont!
Missing character: There is no D in font nullfont!
Missing character: There is no r in font nullfont!
Missing character: There is no . in font nullfont!
Missing character: There is no A in font nullfont!
Missing character: There is no l in font nullfont!
Missing character: There is no f in font nullfont!
Missing character: There is no o in font nullfont!
Missing character: There is no n in font nullfont!
Missing character: There is no s in font nullfont!
Missing character: There is no o in font nullfont!
Missing character: There is no M in font nullfont!
Missing character: There is no o in font nullfont!
Missing character: There is no n in font nullfont!
Missing character: There is no d in font nullfont!
Missing character: There is no r in font nullfont!
Missing character: There is no a in font nullfont!
Missing character: There is no g in font nullfont!
Missing character: There is no √ in font nullfont!
Missing character: There is no ≥ in font nullfont!
Missing character: There is no n in font nullfont!
Missing character: There is no B in font nullfont!
Missing character: There is no a in font nullfont!
Missing character: There is no l in font nullfont!
Missing character: There is no l in font nullfont!
Missing character: There is no e in font nullfont!
Missing character: There is no s in font nullfont!
Missing character: There is no t in font nullfont!
Missing character: There is no e in font nullfont!
Missing character: There is no r in font nullfont!
Missing character: There is no o in font nullfont!
Missing character: There is no s in font nullfont!
Missing character: There is no , in font nullfont!
Missing character: There is no I in font nullfont!
Missing character: There is no n in font nullfont!
Missing character: There is no s in font nullfont!
Missing character: There is no t in font nullfont!
Missing character: There is no i in font nullfont!
Missing character: There is no t in font nullfont!
Missing character: There is no u in font nullfont!
Missing character: There is no t in font nullfont!
Missing character: There is no o in font nullfont!
Missing character: There is no d in font nullfont!
Missing character: There is no e in font nullfont!
Missing character: There is no F in font nullfont!
Missing character: There is no √ in font nullfont!
Missing character: There is no ≠ in font nullfont!
Missing character: There is no s in font nullfont!
Missing character: There is no i in font nullfont!
Missing character: There is no c in font nullfont!
Missing character: There is no a in font nullfont!
Missing character: There is no , in font nullfont!
Missing character: There is no U in font nullfont!
Missing character: There is no N in font nullfont!
Missing character: There is no A in font nullfont!
Missing character: There is no M in font nullfont!

! LaTeX Error: \begin{document} ended by \end{large}.

See the LaTeX manual or LaTeX Companion for explanation.
Type  H <return>  for immediate help.
 ...                                              
                                                  
l.46          \end{large}
                         
Your command was ignored.
Type  I <command> <return>  to replace it with another command,
or  <return>  to continue without it.


Overfull \hbox (20.0pt too wide) in paragraph at lines 40--47
[]
 []


Overfull \hbox (20.0pt too wide) in paragraph at lines 40--47
[]
 []


Overfull \hbox (20.0pt too wide) in paragraph at lines 40--47
[]
 []


Overfull \hbox (20.0pt too wide) in paragraph at lines 48--48
[] 
 []


! LaTeX Error: The font size command \normalsize is not defined:
               there is probably something wrong with the class file.

See the LaTeX manual or LaTeX Companion for explanation.
Type  H <return>  for immediate help.
 ...                                              
                                                  
l.49         \normalsize
                        
Your command was ignored.
Type  I <command> <return>  to replace it with another command,
or  <return>  to continue without it.

Missing character: There is no M in font nullfont!
LaTeX Font Info:    Try loading font information for +cmr on input line 50.
LaTeX Font Info:    No file cmr.fd. on input line 50.

LaTeX Font Warning: Font shape `/cmr/m/n' undefined
(Font)              using `/cmr/m/n' instead on input line 50.

! Corrupted NFSS tables.
wrong@fontshape ...message {Corrupted NFSS tables}
                                                  error@fontshape else let f...
l.50         M\'E
                 XICO,  D.F. ABRIL 2016
This error message was generated by an \errmessage
command, so I can't give any explicit help.
Pretend that you're Hercule Poirot: Examine all clues,
and deduce the truth by order and method.


LaTeX Font Warning: Font shape `/cmr/m/n' undefined
(Font)              using `OT1/cmr/m/n' instead on input line 50.

Missing character: There is no X in font nullfont!
Missing character: There is no I in font nullfont!
Missing character: There is no C in font nullfont!
Missing character: There is no O in font nullfont!
Missing character: There is no , in font nullfont!
Missing character: There is no D in font nullfont!
Missing character: There is no . in font nullfont!
Missing character: There is no F in font nullfont!
Missing character: There is no . in font nullfont!
Missing character: There is no A in font nullfont!
Missing character: There is no B in font nullfont!
Missing character: There is no R in font nullfont!
Missing character: There is no I in font nullfont!
Missing character: There is no L in font nullfont!
Missing character: There is no 2 in font nullfont!
Missing character: There is no 0 in font nullfont!
Missing character: There is no 1 in font nullfont!
Missing character: There is no 6 in font nullfont!

Overfull \hbox (11.80559pt too wide) in paragraph at lines 50--51
 \/cmr/m/n/10 ^^SE 
 []


! LaTeX Error: \begin{document} ended by \end{titlepage}.

See the LaTeX manual or LaTeX Companion for explanation.
Type  H <return>  for immediate help.
 ...                                              
                                                  
l.54 \end{titlepage}
                    
Your command was ignored.
Type  I <command> <return>  to replace it with another command,
or  <return>  to continue without it.

! Extra \endgroup.
<recently read> \endgroup 
                          
l.54 \end{titlepage}
                    
Things are pretty mixed up, but I think the worst is over.

)
! Emergency stop.
<*> portada.tex
               
*** (job aborted, no legal \end found)

 
Here is how much of TeX's memory you used:
 69 strings out of 493305
 952 string characters out of 6139897
 53877 words of memory out of 5000000
 3620 multiletter control sequences out of 15000+600000
 9301 words of font info for 17 fonts, out of 8000000 for 9000
 957 hyphenation exceptions out of 8191
 18i,2n,16p,137b,157s stack positions out of 5000i,500n,10000p,200000b,80000s
No pages of output.
